2024-05-23 16:43:04.145 [main] INFO  org.flipkart.service.UserService - sign up successful
2024-05-23 16:43:12.326 [main] INFO  org.flipkart.service.UserService - sign up successful
2024-05-23 16:43:18.198 [main] INFO  org.flipkart.service.UserService - sign up successful
2024-05-23 16:43:23.395 [main] INFO  org.flipkart.service.UserService - User not found.PLease sign up first
2024-05-23 16:44:15.271 [main] INFO  org.flipkart.service.UserService - sign up successful
2024-05-23 17:02:09.704 [main] INFO  org.flipkart.service.UserService - sign up successful
2024-05-23 17:02:14.344 [main] INFO  org.flipkart.service.UserService - sign up successful
2024-05-23 17:02:18.922 [main] INFO  org.flipkart.service.UserService - sign up successful
2024-05-23 17:14:27.576 [main] INFO  org.flipkart.service.UserService - sign up successful
2024-05-23 17:14:32.072 [main] INFO  org.flipkart.service.UserService - sign up successful
2024-05-23 17:14:38.280 [main] INFO  org.flipkart.service.UserService - sign up successful
2024-05-23 17:15:06.674 [main] INFO  org.flipkart.service.UserService - sign up successful
2024-05-23 17:15:06.676 [main] INFO  org.flipkart.service.UserService - sign up successful
2024-05-23 17:15:19.098 [main] INFO  org.flipkart.service.UserService - sign up successful
2024-05-23 17:15:29.395 [main] INFO  org.flipkart.service.UserService - sign up successful
2024-05-23 17:15:33.774 [main] INFO  org.flipkart.service.UserService - sign up successful
2024-05-23 17:15:42.269 [main] INFO  org.flipkart.service.UserService - sign up successful
2024-05-23 17:16:49.112 [main] INFO  org.flipkart.service.UserService - User not found.PLease sign up first
2024-05-23 17:17:03.597 [main] INFO  org.flipkart.service.UserService - sign up successful
2024-05-23 17:19:06.705 [main] INFO  org.flipkart.service.UserService - User not found.PLease sign up first
2024-05-23 17:20:26.666 [main] INFO  org.flipkart.service.UserService - sign up successful
2024-05-23 17:20:30.934 [main] INFO  org.flipkart.service.UserService - User not found.PLease sign up first
2024-05-23 17:20:46.714 [main] INFO  org.flipkart.service.UserService - sign up successful
2024-05-23 17:21:37.424 [main] INFO  org.flipkart.service.UserService - User not found.PLease sign up first
2024-05-23 17:22:00.282 [main] INFO  org.flipkart.service.UserService - sign up successful
2024-05-23 17:22:21.249 [main] INFO  org.flipkart.service.UserService - User not found.PLease sign up first
2024-05-23 17:22:40.469 [main] INFO  org.flipkart.service.UserService - sign up successful
2024-05-23 17:22:53.902 [main] INFO  org.flipkart.service.UserService - User not found.PLease sign up first
2024-05-23 17:23:24.031 [main] INFO  org.flipkart.service.UserService - sign up successful
2024-05-23 17:24:06.807 [main] INFO  org.flipkart.service.UserService - User not found.PLease sign up first
2024-05-23 17:25:20.151 [main] INFO  org.flipkart.service.UserService - sign up successful
2024-05-23 17:26:09.127 [main] INFO  org.flipkart.service.UserService - sign up successful
2024-05-23 17:27:21.729 [main] INFO  org.flipkart.service.UserService - sign up successful
2024-05-23 17:30:57.872 [main] INFO  org.flipkart.service.UserService - sign up successful
2024-05-23 17:33:37.176 [main] INFO  org.flipkart.service.UserService - sign up successful
2024-05-23 17:37:03.407 [main] INFO  org.flipkart.service.UserService - sign up successful
2024-05-23 17:38:21.934 [main] INFO  org.flipkart.service.UserService - sign up successful
2024-05-23 17:39:33.580 [main] INFO  org.flipkart.service.UserService - sign up successful
2024-05-23 17:40:13.202 [main] INFO  org.flipkart.service.UserService - sign up successful
2024-05-23 17:46:40.557 [main] INFO  org.flipkart.service.UserService - sign up successful
2024-05-23 17:47:00.982 [main] INFO  org.flipkart.service.UserService - sign up successful
2024-05-23 17:47:14.978 [main] INFO  org.flipkart.service.UserService - User loggedIn successfully
2024-05-23 17:50:45.302 [main] INFO  org.flipkart.service.UserService - sign up successful
2024-05-23 17:50:53.808 [main] INFO  org.flipkart.service.UserService - User loggedIn successfully
2024-05-23 17:51:03.181 [main] INFO  org.flipkart.service.UserService - sign up successful
2024-05-23 17:51:15.511 [main] INFO  org.flipkart.service.UserService - sign up successful
2024-05-23 17:51:25.669 [main] INFO  org.flipkart.service.UserService - User loggedIn successfully
2024-05-23 17:51:50.137 [main] INFO  org.flipkart.service.PlatformService - Restaurant registered successfully
2024-05-23 17:52:19.107 [main] INFO  org.flipkart.service.PlatformService - Restaurant registered successfully
2024-05-23 17:52:39.540 [main] INFO  org.flipkart.service.PlatformService - Restaurant registered successfully
2024-05-23 17:53:28.063 [main] INFO  org.flipkart.service.PlatformService - Order placed successfully
2024-05-23 17:54:41.921 [main] INFO  org.flipkart.service.PlatformService - Quantity updated successfully
2024-05-23 17:55:08.362 [main] INFO  org.flipkart.service.PlatformService - Location updated successfully
2024-05-23 17:58:37.325 [main] INFO  org.flipkart.service.UserService - sign up successful
2024-05-23 17:59:00.082 [main] INFO  org.flipkart.service.UserService - sign up successful
2024-05-23 17:59:09.918 [main] INFO  org.flipkart.service.UserService - sign up successful
2024-05-23 17:59:31.880 [main] INFO  org.flipkart.service.UserService - User loggedIn successfully
2024-05-23 17:59:43.259 [main] INFO  org.flipkart.service.PlatformService - Restaurant registered successfully
2024-05-23 17:59:56.043 [main] INFO  org.flipkart.service.PlatformService - Restaurant registered successfully
2024-05-23 18:00:08.763 [main] INFO  org.flipkart.service.UserService - User loggedIn successfully
2024-05-23 18:00:21.278 [main] INFO  org.flipkart.service.PlatformService - Restaurant registered successfully
2024-05-23 18:00:31.974 [main] INFO  org.flipkart.service.UserService - User loggedIn successfully
2024-05-23 18:01:22.843 [main] INFO  org.flipkart.service.PlatformService - Order placed successfully
2024-05-23 18:02:00.855 [main] ERROR org.flipkart.service.PlatformService - Not enough quantity available
2024-05-23 18:02:19.678 [main] INFO  org.flipkart.service.PlatformService - Review created successfully
2024-05-23 18:02:39.087 [main] INFO  org.flipkart.service.PlatformService - Review created successfully
2024-05-23 18:03:16.403 [main] INFO  org.flipkart.service.UserService - User loggedIn successfully
2024-05-23 18:03:34.757 [main] INFO  org.flipkart.service.PlatformService - Quantity updated successfully
2024-05-23 18:03:48.478 [main] INFO  org.flipkart.service.PlatformService - Location updated successfully
