2024-05-27 13:56:05.460 [main] INFO  org.flipkart.service.UserService - Registering Doctor: Curious with speciality: Cardiologist
2024-05-27 13:56:05.464 [main] INFO  org.flipkart.service.UserService - Registered Doctor successfully 
2024-05-27 13:57:15.760 [main] INFO  org.flipkart.service.UserService - Marking Doctor available: Curious
2024-05-27 13:57:15.762 [main] INFO  org.flipkart.service.UserService - Marked Doctor available successfully
2024-05-27 13:58:03.477 [main] INFO  org.flipkart.service.UserService - Registering Doctor: Dreadful with speciality: Dermatologist
2024-05-27 13:58:03.478 [main] INFO  org.flipkart.service.UserService - Registered Doctor successfully 
2024-05-27 13:58:54.106 [main] INFO  org.flipkart.service.UserService - Marking Doctor available: Dreadful
2024-05-27 13:58:54.107 [main] INFO  org.flipkart.service.UserService - Marked Doctor available successfully
2024-05-27 13:59:24.011 [main] INFO  org.flipkart.service.UserService - Registering Patient: PatientA
2024-05-27 13:59:24.015 [main] INFO  org.flipkart.service.UserService - Registered Patient successfully
2024-05-27 14:02:54.931 [main] INFO  org.flipkart.service.UserService - Registering Doctor: Dreadful with speciality: Dermatologist
2024-05-27 14:02:54.934 [main] INFO  org.flipkart.service.UserService - Registered Doctor successfully 
2024-05-27 14:03:03.702 [main] INFO  org.flipkart.service.UserService - Marking Doctor available: Dreadful
2024-05-27 14:03:03.703 [main] INFO  org.flipkart.service.UserService - Marked Doctor available successfully
2024-05-27 14:03:13.939 [main] INFO  org.flipkart.service.UserService - Registering Patient: PatientA
2024-05-27 14:03:13.941 [main] INFO  org.flipkart.service.UserService - Registered Patient successfully
2024-05-27 14:04:39.792 [main] INFO  org.flipkart.service.UserService - Registering Doctor: Dreadful with speciality: Dermatologist
2024-05-27 14:04:39.796 [main] INFO  org.flipkart.service.UserService - Registered Doctor successfully 
2024-05-27 14:04:46.505 [main] INFO  org.flipkart.service.UserService - Marking Doctor available: Dreadful
2024-05-27 14:04:46.506 [main] INFO  org.flipkart.service.UserService - Marked Doctor available successfully
2024-05-27 14:07:34.520 [main] INFO  org.flipkart.service.UserService - Registering Doctor: Dreadful with speciality: Dermatologist
2024-05-27 14:07:34.524 [main] INFO  org.flipkart.service.UserService - Registered Doctor successfully 
2024-05-27 14:07:39.901 [main] INFO  org.flipkart.service.UserService - Marking Doctor available: Dreadful
2024-05-27 14:07:39.902 [main] INFO  org.flipkart.service.UserService - Marked Doctor available successfully
2024-05-27 14:07:44.216 [main] INFO  org.flipkart.service.UserService - Registering Patient: PatientA
2024-05-27 14:07:44.217 [main] INFO  org.flipkart.service.UserService - Registered Patient successfully
2024-05-27 14:09:19.426 [main] INFO  org.flipkart.service.UserService - Registering Doctor: Dreadful with speciality: Dermatologist
2024-05-27 14:09:19.429 [main] INFO  org.flipkart.service.UserService - Registered Doctor successfully 
2024-05-27 14:09:24.282 [main] INFO  org.flipkart.service.UserService - Marking Doctor available: Dreadful
2024-05-27 14:10:39.920 [main] INFO  org.flipkart.service.UserService - Marked Doctor available successfully
2024-05-27 14:11:00.284 [main] INFO  org.flipkart.service.UserService - Registering Doctor: Dreadful with speciality: Dermatologist
2024-05-27 14:11:00.288 [main] INFO  org.flipkart.service.UserService - Registered Doctor successfully 
2024-05-27 14:11:08.526 [main] INFO  org.flipkart.service.UserService - Marking Doctor available: Dreadful
2024-05-27 14:11:21.907 [main] INFO  org.flipkart.service.UserService - Marked Doctor available successfully
2024-05-27 14:12:18.199 [main] INFO  org.flipkart.service.UserService - Registering Doctor: Dreadful with speciality: Dermatologist
2024-05-27 14:12:18.204 [main] INFO  org.flipkart.service.UserService - Registered Doctor successfully 
2024-05-27 14:12:23.810 [main] INFO  org.flipkart.service.UserService - Marking Doctor available: Dreadful
2024-05-27 14:12:23.811 [main] INFO  org.flipkart.service.UserService - Marked Doctor available successfully
2024-05-27 14:13:05.204 [main] INFO  org.flipkart.service.UserService - Registering Doctor: Dreadful with speciality: Dermatologist
2024-05-27 14:13:05.209 [main] INFO  org.flipkart.service.UserService - Registered Doctor successfully 
2024-05-27 14:13:17.372 [main] INFO  org.flipkart.service.UserService - Marking Doctor available: Dreadful
2024-05-27 14:15:13.948 [main] INFO  org.flipkart.service.UserService - Marked Doctor available successfully
2024-05-27 14:15:58.927 [main] INFO  org.flipkart.service.UserService - Registering Doctor: Dreadful with speciality: Dermatologist
2024-05-27 14:15:58.932 [main] INFO  org.flipkart.service.UserService - Registered Doctor successfully 
2024-05-27 14:16:26.196 [main] INFO  org.flipkart.service.UserService - Marking Doctor available: Dreadful
2024-05-27 14:16:26.199 [main] INFO  org.flipkart.service.UserService - Marked Doctor available successfully
2024-05-27 14:16:48.568 [main] INFO  org.flipkart.service.UserService - Registering Doctor: Curious with speciality: Cardiologist
2024-05-27 14:16:48.572 [main] INFO  org.flipkart.service.UserService - Registered Doctor successfully 
2024-05-27 14:16:52.805 [main] INFO  org.flipkart.service.UserService - Marking Doctor available: Curious
2024-05-27 14:16:52.806 [main] INFO  org.flipkart.service.UserService - Marked Doctor available successfully
2024-05-27 14:16:56.698 [main] INFO  org.flipkart.service.UserService - Registering Doctor: Dreadful with speciality: Dermatologist
2024-05-27 14:16:56.698 [main] INFO  org.flipkart.service.UserService - Registered Doctor successfully 
2024-05-27 14:17:07.093 [main] INFO  org.flipkart.service.UserService - Marking Doctor available: Dreadful
2024-05-27 14:17:07.094 [main] INFO  org.flipkart.service.UserService - Marked Doctor available successfully
2024-05-27 14:17:12.696 [main] INFO  org.flipkart.service.UserService - Registering Patient: PatientA
2024-05-27 14:17:12.697 [main] INFO  org.flipkart.service.UserService - Registered Patient successfully
2024-05-27 14:18:30.286 [main] INFO  org.flipkart.service.UserService - Registering Doctor: Dreadful with speciality: Dermatologist
2024-05-27 14:18:30.290 [main] INFO  org.flipkart.service.UserService - Registered Doctor successfully 
2024-05-27 14:18:37.891 [main] INFO  org.flipkart.service.UserService - Marking Doctor available: Dreadful
2024-05-27 14:20:20.508 [main] INFO  org.flipkart.service.UserService - Marked Doctor available successfully
2024-05-27 14:20:49.544 [main] INFO  org.flipkart.service.UserService - Registering Doctor: Dreadful with speciality: Dermatologist
2024-05-27 14:20:49.548 [main] INFO  org.flipkart.service.UserService - Registered Doctor successfully 
2024-05-27 14:20:54.595 [main] INFO  org.flipkart.service.UserService - Marking Doctor available: Dreadful
2024-05-27 14:20:54.595 [main] INFO  org.flipkart.service.UserService - Marked Doctor available successfully
2024-05-27 14:20:58.114 [main] INFO  org.flipkart.service.UserService - Registering Patient: PatientA
2024-05-27 14:20:58.116 [main] INFO  org.flipkart.service.UserService - Registered Patient successfully
2024-05-27 14:22:51.695 [main] INFO  org.flipkart.service.UserService - Registering Doctor: Curious with speciality: Cardiologist
2024-05-27 14:22:51.699 [main] INFO  org.flipkart.service.UserService - Registered Doctor successfully 
2024-05-27 14:22:56.678 [main] INFO  org.flipkart.service.UserService - Marking Doctor available: Curious
2024-05-27 14:22:56.679 [main] INFO  org.flipkart.service.UserService - Marked Doctor available successfully
2024-05-27 14:23:00.436 [main] INFO  org.flipkart.service.UserService - Registering Doctor: Dreadful with speciality: Dermatologist
2024-05-27 14:23:00.437 [main] INFO  org.flipkart.service.UserService - Registered Doctor successfully 
2024-05-27 14:23:12.153 [main] INFO  org.flipkart.service.UserService - Marking Doctor available: Dreadful
2024-05-27 14:23:12.153 [main] INFO  org.flipkart.service.UserService - Marked Doctor available successfully
2024-05-27 14:23:16.701 [main] INFO  org.flipkart.service.UserService - Registering Patient: PatientA
2024-05-27 14:23:16.704 [main] INFO  org.flipkart.service.UserService - Registered Patient successfully
2024-05-27 14:32:46.183 [main] INFO  org.flipkart.service.UserService - Registering Doctor: Dreadful with speciality: Dermatologist
2024-05-27 14:32:46.187 [main] INFO  org.flipkart.service.UserService - Registered Doctor successfully 
2024-05-27 14:32:53.486 [main] INFO  org.flipkart.service.UserService - Marking Doctor available: Dreadful
2024-05-27 14:32:53.487 [main] INFO  org.flipkart.service.UserService - Marked Doctor available successfully
2024-05-27 14:33:00.417 [main] INFO  org.flipkart.service.UserService - Registering Patient: PatientA
2024-05-27 14:33:00.420 [main] INFO  org.flipkart.service.UserService - Registered Patient successfully
2024-05-27 14:36:26.001 [main] INFO  org.flipkart.service.UserService - Registering Doctor: Dreadful with speciality: Dermatologist
2024-05-27 14:36:26.006 [main] INFO  org.flipkart.service.UserService - Registered Doctor successfully 
2024-05-27 14:36:40.158 [main] INFO  org.flipkart.service.UserService - Marking Doctor available: Dreadful
2024-05-27 14:36:40.159 [main] INFO  org.flipkart.service.UserService - Marked Doctor available successfully
2024-05-27 14:36:44.164 [main] INFO  org.flipkart.service.UserService - Registering Patient: PatientA
2024-05-27 14:36:44.165 [main] INFO  org.flipkart.service.UserService - Registered Patient successfully
2024-05-27 14:39:16.118 [main] INFO  org.flipkart.service.UserService - Registering Doctor: Dreadful with speciality: Dermatologist
2024-05-27 14:39:16.122 [main] INFO  org.flipkart.service.UserService - Registered Doctor successfully 
2024-05-27 14:39:21.305 [main] INFO  org.flipkart.service.UserService - Marking Doctor available: Dreadful
2024-05-27 14:39:21.306 [main] INFO  org.flipkart.service.UserService - Marked Doctor available successfully
2024-05-27 14:39:26.030 [main] INFO  org.flipkart.service.UserService - Registering Patient: PatientA
2024-05-27 14:39:26.032 [main] INFO  org.flipkart.service.UserService - Registered Patient successfully
2024-05-27 14:39:48.527 [main] INFO  org.flipkart.service.UserService - Marking Doctor available: Dreadful
2024-05-27 14:39:48.527 [main] INFO  org.flipkart.service.UserService - Marked Doctor available successfully
2024-05-27 14:39:48.528 [main] INFO  org.flipkart.service.BookingService - Booking cancelled successfully
